<?xml version="1.0" encoding="UTF-8"?>
<!-- Generated by org.testng.reporters.JUnitReportReporter -->
<testsuite hostname="LAPTOP-O2VS9PN6" failures="0" tests="1" name="com.testng.seleniumDemo" time="24.035" errors="0" timestamp="7 Jan 2023 19:00:43 GMT">
  <testcase classname="com.testng.seleniumDemo" name="f" time="24.035"/>
</testsuite> <!-- com.testng.seleniumDemo -->
