<?xml version="1.0" encoding="UTF-8"?>
<!-- Generated by org.testng.reporters.JUnitReportReporter -->
<testsuite hostname="LAPTOP-O2VS9PN6" failures="0" tests="1" name="com.testng.BrowserStack" time="30.014" errors="0" timestamp="6 Feb 2023 22:43:38 GMT">
  <testcase classname="com.testng.BrowserStack" name="f" time="30.014"/>
</testsuite> <!-- com.testng.BrowserStack -->
