<?xml version="1.0" encoding="UTF-8"?>
<!-- Generated by org.testng.reporters.JUnitReportReporter -->
<testsuite hostname="LAPTOP-O2VS9PN6" failures="0" tests="1" name="com.testng.APIDEMO" time="3.371" errors="0" timestamp="2023-05-20T22:20:27 IST" skipped="0">
  <testcase classname="com.testng.APIDEMO" name="RegistrationSuccessful" time="3.371"/>
  <system-out/>
</testsuite> <!-- com.testng.APIDEMO -->
