<?xml version="1.0" encoding="UTF-8"?>
<!-- Generated by org.testng.reporters.JUnitReportReporter -->
<testsuite hostname="LAPTOP-O2VS9PN6" failures="0" tests="4" name="com.testng.NewTest" time="33.737" errors="0" timestamp="30 Dec 2022 22:27:47 GMT">
  <testcase classname="com.testng.NewTest" name="f" time="9.597"/>
  <testcase classname="com.testng.NewTest" name="f" time="7.154"/>
  <testcase classname="com.testng.NewTest" name="f" time="7.032"/>
  <testcase classname="com.testng.NewTest" name="f" time="9.954"/>
</testsuite> <!-- com.testng.NewTest -->
