<?xml version="1.0" encoding="UTF-8"?>
<!-- Generated by org.testng.reporters.JUnitReportReporter -->
<testsuite hostname="LAPTOP-O2VS9PN6" failures="0" tests="1" name="com.testng.BrowserStack" time="12.355" errors="0" timestamp="5 Feb 2023 14:47:44 GMT">
  <testcase classname="com.testng.BrowserStack" name="f" time="12.355"/>
</testsuite> <!-- com.testng.BrowserStack -->
