<?xml version="1.0" encoding="UTF-8"?>
<!-- Generated by org.testng.reporters.JUnitReportReporter -->
<testsuite hostname="LAPTOP-O2VS9PN6" failures="0" tests="10" name="com.testng.NewTest3" time="0.057" errors="0" timestamp="29 Dec 2022 18:15:33 GMT">
  <testcase classname="com.testng.NewTest3" name="afterSuite" time="0.004"/>
  <testcase classname="com.testng.NewTest3" name="afterSuite" time="0.001"/>
  <testcase classname="com.testng.NewTest3" name="afterSuite" time="0.013"/>
  <testcase classname="com.testng.NewTest3" name="afterSuite" time="0.001"/>
  <testcase classname="com.testng.NewTest3" name="afterSuite" time="0.005"/>
  <testcase classname="com.testng.NewTest3" name="afterSuite" time="0.004"/>
  <testcase classname="com.testng.NewTest3" name="afterSuite" time="0.011"/>
  <testcase classname="com.testng.NewTest3" name="afterSuite" time="0.008"/>
  <testcase classname="com.testng.NewTest3" name="afterSuite" time="0.009"/>
  <testcase classname="com.testng.NewTest3" name="afterSuite" time="0.001"/>
</testsuite> <!-- com.testng.NewTest3 -->
