<?xml version="1.0" encoding="UTF-8"?>
<!-- Generated by org.testng.reporters.JUnitReportReporter -->
<testsuite hostname="LAPTOP-O2VS9PN6" failures="0" tests="1" name="com.testng.seleniumDemo_Headless" time="27.646" errors="0" timestamp="2023-03-18T22:02:52 IST" skipped="0">
  <testcase classname="com.testng.seleniumDemo_Headless" name="verifyTitle" time="27.646"/>
  <system-out/>
</testsuite> <!-- com.testng.seleniumDemo_Headless -->
