<?xml version="1.0" encoding="UTF-8"?>
<!-- Generated by org.testng.reporters.JUnitReportReporter -->
<testsuite hostname="LAPTOP-O2VS9PN6" failures="0" tests="2" name="com.testng.NewTest1" time="0.020" errors="0" timestamp="29 Dec 2022 18:15:33 GMT">
  <testcase classname="com.testng.NewTest1" name="f" time="0.007"/>
  <testcase classname="com.testng.NewTest1" name="f" time="0.013"/>
</testsuite> <!-- com.testng.NewTest1 -->
