<?xml version="1.0" encoding="UTF-8"?>
<!-- Generated by org.testng.reporters.JUnitReportReporter -->
<testsuite hostname="LAPTOP-O2VS9PN6" failures="0" tests="1" name="com.testng.seleniumDemo" time="78.691" errors="0" timestamp="5 Feb 2023 14:23:48 GMT">
  <testcase classname="com.testng.seleniumDemo" name="f" time="78.691"/>
</testsuite> <!-- com.testng.seleniumDemo -->
