<?xml version="1.0" encoding="UTF-8"?>
<!-- Generated by org.testng.reporters.JUnitReportReporter -->
<testsuite hostname="LAPTOP-O2VS9PN6" failures="0" tests="1" name="com.testng.NewTest_1" time="0.007" errors="0" timestamp="27 Dec 2022 18:43:02 GMT">
  <testcase classname="com.testng.NewTest_1" name="f" time="0.007"/>
</testsuite> <!-- com.testng.NewTest_1 -->
