<?xml version="1.0" encoding="UTF-8"?>
<!-- Generated by org.testng.reporters.JUnitReportReporter -->
<testsuite hostname="LAPTOP-O2VS9PN6" failures="0" tests="3" name="com.testngexample.AllAnnotationTestAllScenarios" time="0.015" errors="0" timestamp="2023-06-07T13:02:31 IST" skipped="0">
  <testcase classname="com.testngexample.AllAnnotationTestAllScenarios" name="carLoan3" time="0.002"/>
  <system-out/>
  <testcase classname="com.testngexample.AllAnnotationTestAllScenarios" name="carLoan2" time="0.012"/>
  <system-out/>
  <testcase classname="com.testngexample.AllAnnotationTestAllScenarios" name="carLoan1" time="0.001"/>
  <system-out/>
</testsuite> <!-- com.testngexample.AllAnnotationTestAllScenarios -->
