<?xml version="1.0" encoding="UTF-8"?>
<!-- Generated by org.testng.reporters.JUnitReportReporter -->
<testsuite hostname="LAPTOP-O2VS9PN6" failures="0" tests="1" name="com.testngexample.AllAnnotationTest_PersonalLoan" time="0.017" errors="0" timestamp="2023-06-07T12:43:43 IST" skipped="0">
  <testcase classname="com.testngexample.AllAnnotationTest_PersonalLoan" name="personalLoan" time="0.017"/>
  <system-out/>
</testsuite> <!-- com.testngexample.AllAnnotationTest_PersonalLoan -->
