<?xml version="1.0" encoding="UTF-8"?>
<!-- Generated by org.testng.reporters.JUnitReportReporter -->
<testsuite hostname="LAPTOP-O2VS9PN6" failures="0" tests="1" name="com.testng.seleniumDemo" time="28.434" errors="0" timestamp="6 Feb 2023 22:37:59 GMT">
  <testcase classname="com.testng.seleniumDemo" name="f" time="28.434"/>
</testsuite> <!-- com.testng.seleniumDemo -->
