<?xml version="1.0" encoding="UTF-8"?>
<!-- Generated by org.testng.reporters.JUnitReportReporter -->
<testsuite hostname="LAPTOP-O2VS9PN6" failures="0" tests="1" name="com.testngexample.DataProviderTestNgExample" time="0.009" errors="0" timestamp="2023-06-07T21:27:26 IST" skipped="0">
  <testcase classname="com.testngexample.DataProviderTestNgExample" name="carLoan" time="0.009"/>
  <system-out/>
</testsuite> <!-- com.testngexample.DataProviderTestNgExample -->
