<?xml version="1.0" encoding="UTF-8"?>
<!-- Generated by org.testng.reporters.JUnitReportReporter -->
<testsuite hostname="LAPTOP-O2VS9PN6" failures="0" tests="2" name="com.testng.NewTest2" time="0.029" errors="0" timestamp="29 Dec 2022 18:15:33 GMT">
  <testcase classname="com.testng.NewTest2" name="f" time="0.005"/>
  <testcase classname="com.testng.NewTest2" name="f" time="0.024"/>
</testsuite> <!-- com.testng.NewTest2 -->
