<?xml version="1.0" encoding="UTF-8"?>
<!-- Generated by org.testng.reporters.JUnitReportReporter -->
<testsuite hostname="LAPTOP-O2VS9PN6" failures="0" tests="3" name="com.testngexample.AllAnnotationTestDependsOnMethod" time="0.016" errors="0" timestamp="2023-06-07T13:06:35 IST" skipped="0">
  <testcase classname="com.testngexample.AllAnnotationTestDependsOnMethod" name="carLoan3" time="0.003"/>
  <system-out/>
  <testcase classname="com.testngexample.AllAnnotationTestDependsOnMethod" name="carLoan2" time="0.012"/>
  <system-out/>
  <testcase classname="com.testngexample.AllAnnotationTestDependsOnMethod" name="carLoan1" time="0.001"/>
  <system-out/>
</testsuite> <!-- com.testngexample.AllAnnotationTestDependsOnMethod -->
