<?xml version="1.0" encoding="UTF-8"?>
<!-- Generated by org.testng.reporters.JUnitReportReporter -->
<testsuite hostname="LAPTOP-O2VS9PN6" failures="0" tests="3" name="com.testngexample.AllAnnotationTestDependsOnGroups" time="0.014" errors="0" timestamp="2023-06-07T13:07:39 IST" skipped="0">
  <testcase classname="com.testngexample.AllAnnotationTestDependsOnGroups" name="carLoan2" time="0.008"/>
  <system-out/>
  <testcase classname="com.testngexample.AllAnnotationTestDependsOnGroups" name="carLoan3" time="0.004"/>
  <system-out/>
  <testcase classname="com.testngexample.AllAnnotationTestDependsOnGroups" name="carLoan1" time="0.002"/>
  <system-out/>
</testsuite> <!-- com.testngexample.AllAnnotationTestDependsOnGroups -->
